INFO:  latexindent.pl version 3.23.8, 2024-03-28, a script to indent .tex files
       latexindent.pl lives here: C:/Users/kianf/AppData/Local/Programs/MiKTeX/scripts/latexindent/
       Mon Apr 29 11:30:37 2024
       Filename: c:/Users/kianf/OneDrive/Desktop/FRSKIA001_CLRCAM007_ES3/FRSKIA001_CLRCAM007_ES3/prac5 report/Body/__latexindent_temp_Design_and_Implementation.tex
INFO:  Processing switches:
       -y|--yaml: YAML settings specified via command line
       -c|--cruft: cruft directory
INFO:  Directory for backup files and c:/Users/kianf/OneDrive/Desktop/FRSKIA001_CLRCAM007_ES3/FRSKIA001_CLRCAM007_ES3/prac5 report//indent.log:
       c:/Users/kianf/OneDrive/Desktop/FRSKIA001_CLRCAM007_ES3/FRSKIA001_CLRCAM007_ES3/prac5 report/
INFO:  Perl modules are being loaded from the following directories:
       C:/Strawberry/perl/lib/FindBin.pm
       C:/Strawberry/perl/vendor/lib/YAML/Tiny.pm
       C:/Strawberry/perl/lib/File/Copy.pm
       C:/Strawberry/perl/lib/File/Basename.pm
       C:/Strawberry/perl/lib/Getopt/Long.pm
       C:/Strawberry/perl/vendor/lib/File/HomeDir.pm
INFO:  LatexIndent perl modules are being loaded from, for example:
       C:/Users/kianf/AppData/Local/Programs/MiKTeX/scripts/latexindent/LatexIndent/Document.pm
INFO:  YAML settings read: defaultSettings.yaml
       Reading defaultSettings.yaml from C:/Users/kianf/AppData/Local/Programs/MiKTeX/scripts/latexindent/defaultSettings.yaml
INFO:  YAML reading settings
       Home directory is C:\Users\kianf
       latexindent.pl didn't find indentconfig.yaml or .indentconfig.yaml
       see all possible locations: https://latexindentpl.readthedocs.io/en/latest/sec-appendices.html#indentconfig-options)
INFO:  YAML settings read: -y switch
       YAML setting: defaultIndent:'      '
       single-quoted string found in -y switch: '      ', substitute to       
       Updating mainSettings with defaultIndent:       
INFO:  Phase 1: searching for objects
INFO:  Phase 2: finding surrounding indentation
INFO:  Phase 3: indenting objects
INFO:  Phase 4: final indentation check
INFO:  Output routine:
       Not outputting to file; see -w and -o switches for more options.
       --------------
INFO:  Please direct all communication/issues to:
        https://github.com/cmhughes/latexindent.pl
