\BOOKMARK [1][-]{section.1}{\376\377\000I\000\040\000I\000n\000t\000r\000o\000d\000u\000c\000t\000i\000o\000n}{}% 1
\BOOKMARK [1][-]{section.2}{\376\377\000I\000I\000\040\000D\000e\000s\000i\000g\000n\000\040\000a\000n\000d\000\040\000I\000m\000p\000l\000e\000m\000e\000n\000t\000a\000t\000i\000o\000n\000\040}{}% 2
\BOOKMARK [2][-]{subsection.2.1}{\376\377\000I\000I\000-\000A\000\040\000H\000a\000r\000d\000w\000a\000r\000e\000\040\000a\000n\000s\000\040\000S\000o\000f\000t\000w\000a\000r\000e}{section.2}% 3
\BOOKMARK [2][-]{subsection.2.2}{\376\377\000I\000I\000-\000B\000\040\000T\000S\000C\000\040\000d\000e\000s\000i\000g\000n\000\040\000o\000v\000e\000r\000v\000i\000e\000w}{section.2}% 4
\BOOKMARK [2][-]{subsection.2.3}{\376\377\000I\000I\000-\000C\000\040\000C\000L\000o\000c\000k\000\040\000\050\000c\000l\000k\000\051}{section.2}% 5
\BOOKMARK [3][-]{subsubsection.2.3.1}{\376\377\000I\000I\000-\000C\0001\000\040\000S\000t\000a\000t\000e\000\040\000r\000e\000g\000i\000s\000t\000e\000r}{subsection.2.3}% 6
\BOOKMARK [3][-]{subsubsection.2.3.2}{\376\377\000I\000I\000-\000C\0002\000\040\000T\000i\000m\000e\000r}{subsection.2.3}% 7
\BOOKMARK [3][-]{subsubsection.2.3.3}{\376\377\000I\000I\000-\000C\0003\000\040\000R\000i\000n\000g\000\040\000B\000u\000f\000f\000e\000r}{subsection.2.3}% 8
\BOOKMARK [3][-]{subsubsection.2.3.4}{\376\377\000I\000I\000-\000C\0004\000\040\000H\000o\000w\000\040\000t\000h\000e\000\040\000T\000S\000C\000\040\000i\000n\000t\000e\000r\000v\000a\000c\000e\000c\000\040\000w\000i\000t\000h\000\040\000t\000h\000e\000\040\000A\000D\000C}{subsection.2.3}% 9
\BOOKMARK [1][-]{section.3}{\376\377\000I\000I\000I\000\040\000T\000e\000s\000t\000i\000n\000g\000\040\000a\000n\000d\000\040\000V\000a\000l\000i\000d\000a\000t\000i\000o\000n}{}% 10
\BOOKMARK [2][-]{subsection.3.1}{\376\377\000I\000I\000I\000-\000A\000\040\000R\000e\000s\000e\000t\000i\000n\000g\000\040\000a\000n\000d\000\040\000S\000t\000a\000r\000t\000i\000n\000g}{section.3}% 11
\BOOKMARK [2][-]{subsection.3.2}{\376\377\000I\000I\000I\000-\000B\000\040\000R\000i\000n\000g\000\040\000B\000u\000f\000f\000e\000r\000\040\000W\000r\000i\000t\000i\000n\000g}{section.3}% 12
\BOOKMARK [2][-]{subsection.3.3}{\376\377\000I\000I\000I\000-\000C\000\040\000R\000i\000n\000g\000\040\000B\000u\000f\000f\000e\000r\000\040\000R\000e\000a\000d\000i\000n\000g}{section.3}% 13
\BOOKMARK [2][-]{subsection.3.4}{\376\377\000I\000I\000I\000-\000D\000\040\000T\000r\000i\000g\000g\000e\000r\000i\000n\000g}{section.3}% 14
\BOOKMARK [2][-]{subsection.3.5}{\376\377\000I\000I\000I\000-\000E\000\040\000R\000a\000i\000s\000i\000n\000g\000\040\000T\000R\000D\000\040\000L\000i\000n\000e}{section.3}% 15
\BOOKMARK [2][-]{subsection.3.6}{\376\377\000I\000I\000I\000-\000F\000\040\000S\000t\000a\000r\000t\000i\000n\000g\000\040\000o\000r\000\040\000T\000r\000a\000n\000s\000m\000i\000t\000t\000i\000n\000g\000\040\000F\000r\000o\000m\000\040\000I\000d\000l\000e}{section.3}% 16
\BOOKMARK [2][-]{subsection.3.7}{\376\377\000I\000I\000I\000-\000G\000\040\000S\000t\000a\000r\000t\000i\000n\000g\000\040\000D\000a\000t\000a\000\040\000T\000r\000a\000n\000s\000m\000i\000s\000s\000i\000o\000n}{section.3}% 17
\BOOKMARK [2][-]{subsection.3.8}{\376\377\000I\000I\000I\000-\000H\000\040\000B\000y\000t\000e\000\040\000T\000r\000a\000n\000s\000m\000i\000t\000t\000i\000n\000g}{section.3}% 18
\BOOKMARK [2][-]{subsection.3.9}{\376\377\000I\000I\000I\000-\000I\000\040\000E\000n\000d\000i\000n\000g\000\040\000D\000a\000t\000a\000\040\000T\000r\000a\000n\000s\000m\000i\000s\000s\000i\000o\000n}{section.3}% 19
\BOOKMARK [1][-]{section.4}{\376\377\000I\000V\000\040\000C\000o\000n\000c\000l\000u\000s\000i\000o\000n}{}% 20
